{"/Users/mac/Desktop/ReopenCU1/amzon-clone1/src/App.js": {"path":"/Users/mac/Desktop/ReopenCU1/amzon-clone1/src/App.js","statementMap":{"0":{"start":{"line":17,"column":29},"end":{"line":17,"column":44}},"1":{"start":{"line":19,"column":2},"end":{"line":40,"column":9}},"2":{"start":{"line":22,"column":4},"end":{"line":39,"column":7}},"3":{"start":{"line":23,"column":6},"end":{"line":23,"column":48}},"4":{"start":{"line":25,"column":6},"end":{"line":38,"column":7}},"5":{"start":{"line":28,"column":8},"end":{"line":31,"column":11}},"6":{"start":{"line":34,"column":8},"end":{"line":37,"column":11}},"7":{"start":{"line":65,"column":2},"end":{"line":65,"column":36}},"8":{"start":{"line":67,"column":2},"end":{"line":105,"column":4}}},"fnMap":{"0":{"name":"App","decl":{"start":{"line":16,"column":9},"end":{"line":16,"column":12}},"loc":{"start":{"line":16,"column":15},"end":{"line":106,"column":1}},"line":16},"1":{"name":"(anonymous_1)","decl":{"start":{"line":19,"column":12},"end":{"line":19,"column":13}},"loc":{"start":{"line":19,"column":18},"end":{"line":40,"column":3}},"line":19},"2":{"name":"(anonymous_2)","decl":{"start":{"line":22,"column":28},"end":{"line":22,"column":29}},"loc":{"start":{"line":22,"column":42},"end":{"line":39,"column":5}},"line":22}},"branchMap":{"0":{"loc":{"start":{"line":25,"column":6},"end":{"line":38,"column":7}},"type":"if","locations":[{"start":{"line":25,"column":6},"end":{"line":38,"column":7}},{"start":{"line":25,"column":6},"end":{"line":38,"column":7}}],"line":25}},"s":{"0":5,"1":0,"2":0,"3":0,"4":0,"5":0,"6":0,"7":0,"8":0},"f":{"0":5,"1":0,"2":0},"b":{"0":[0,0]},"_coverageSchema":"1a1c01bbd47fc00a2c39e90264f33305004495a9","hash":"8bc903b3775d21d24e93a81c7d4431ff0042ce8e"}
,"/Users/mac/Desktop/ReopenCU1/amzon-clone1/src/Header.js": {"path":"/Users/mac/Desktop/ReopenCU1/amzon-clone1/src/Header.js","statementMap":{"0":{"start":{"line":10,"column":41},"end":{"line":10,"column":56}},"1":{"start":{"line":13,"column":24},"end":{"line":17,"column":5}},"2":{"start":{"line":14,"column":8},"end":{"line":16,"column":9}},"3":{"start":{"line":15,"column":12},"end":{"line":15,"column":27}},"4":{"start":{"line":19,"column":4},"end":{"line":62,"column":6}}},"fnMap":{"0":{"name":"Header","decl":{"start":{"line":9,"column":9},"end":{"line":9,"column":15}},"loc":{"start":{"line":9,"column":18},"end":{"line":63,"column":1}},"line":9},"1":{"name":"(anonymous_1)","decl":{"start":{"line":13,"column":24},"end":{"line":13,"column":25}},"loc":{"start":{"line":13,"column":30},"end":{"line":17,"column":5}},"line":13}},"branchMap":{"0":{"loc":{"start":{"line":14,"column":8},"end":{"line":16,"column":9}},"type":"if","locations":[{"start":{"line":14,"column":8},"end":{"line":16,"column":9}},{"start":{"line":14,"column":8},"end":{"line":16,"column":9}}],"line":14}},"s":{"0":3,"1":0,"2":0,"3":0,"4":0},"f":{"0":3,"1":0},"b":{"0":[0,0]},"_coverageSchema":"1a1c01bbd47fc00a2c39e90264f33305004495a9","hash":"bcdcaad1daa7370d5a2a3195c8b80f9e7caf3002"}
,"/Users/mac/Desktop/ReopenCU1/amzon-clone1/src/Header2.js": {"path":"/Users/mac/Desktop/ReopenCU1/amzon-clone1/src/Header2.js","statementMap":{"0":{"start":{"line":12,"column":4},"end":{"line":55,"column":6}}},"fnMap":{"0":{"name":"Header","decl":{"start":{"line":9,"column":9},"end":{"line":9,"column":15}},"loc":{"start":{"line":9,"column":18},"end":{"line":56,"column":1}},"line":9}},"branchMap":{},"s":{"0":1},"f":{"0":1},"b":{},"_coverageSchema":"1a1c01bbd47fc00a2c39e90264f33305004495a9","hash":"601ebf23de77ca8fc184265eee4be315fc79835f"}
,"/Users/mac/Desktop/ReopenCU1/amzon-clone1/src/Home.js": {"path":"/Users/mac/Desktop/ReopenCU1/amzon-clone1/src/Home.js","statementMap":{"0":{"start":{"line":7,"column":4},"end":{"line":45,"column":6}}},"fnMap":{"0":{"name":"Home","decl":{"start":{"line":6,"column":9},"end":{"line":6,"column":13}},"loc":{"start":{"line":6,"column":16},"end":{"line":46,"column":1}},"line":6}},"branchMap":{},"s":{"0":1},"f":{"0":1},"b":{},"_coverageSchema":"1a1c01bbd47fc00a2c39e90264f33305004495a9","hash":"e1af909c960c54d439d6e068d2f75fd5e6047263"}
,"/Users/mac/Desktop/ReopenCU1/amzon-clone1/src/Login.js": {"path":"/Users/mac/Desktop/ReopenCU1/amzon-clone1/src/Login.js","statementMap":{"0":{"start":{"line":76,"column":20},"end":{"line":76,"column":32}},"1":{"start":{"line":77,"column":30},"end":{"line":77,"column":42}},"2":{"start":{"line":78,"column":36},"end":{"line":78,"column":48}},"3":{"start":{"line":80,"column":19},"end":{"line":89,"column":5}},"4":{"start":{"line":81,"column":8},"end":{"line":81,"column":27}},"5":{"start":{"line":83,"column":8},"end":{"line":88,"column":49}},"6":{"start":{"line":86,"column":16},"end":{"line":86,"column":33}},"7":{"start":{"line":88,"column":28},"end":{"line":88,"column":48}},"8":{"start":{"line":91,"column":21},"end":{"line":103,"column":5}},"9":{"start":{"line":92,"column":8},"end":{"line":92,"column":27}},"10":{"start":{"line":94,"column":8},"end":{"line":102,"column":49}},"11":{"start":{"line":98,"column":16},"end":{"line":100,"column":17}},"12":{"start":{"line":99,"column":20},"end":{"line":99,"column":37}},"13":{"start":{"line":102,"column":28},"end":{"line":102,"column":48}},"14":{"start":{"line":105,"column":4},"end":{"line":138,"column":5}},"15":{"start":{"line":120,"column":68},"end":{"line":120,"column":92}},"16":{"start":{"line":123,"column":75},"end":{"line":123,"column":102}}},"fnMap":{"0":{"name":"Login","decl":{"start":{"line":75,"column":9},"end":{"line":75,"column":14}},"loc":{"start":{"line":75,"column":22},"end":{"line":139,"column":1}},"line":75},"1":{"name":"(anonymous_1)","decl":{"start":{"line":80,"column":19},"end":{"line":80,"column":20}},"loc":{"start":{"line":80,"column":24},"end":{"line":89,"column":5}},"line":80},"2":{"name":"(anonymous_2)","decl":{"start":{"line":85,"column":18},"end":{"line":85,"column":19}},"loc":{"start":{"line":85,"column":26},"end":{"line":87,"column":13}},"line":85},"3":{"name":"(anonymous_3)","decl":{"start":{"line":88,"column":19},"end":{"line":88,"column":20}},"loc":{"start":{"line":88,"column":28},"end":{"line":88,"column":48}},"line":88},"4":{"name":"(anonymous_4)","decl":{"start":{"line":91,"column":21},"end":{"line":91,"column":22}},"loc":{"start":{"line":91,"column":26},"end":{"line":103,"column":5}},"line":91},"5":{"name":"(anonymous_5)","decl":{"start":{"line":96,"column":18},"end":{"line":96,"column":19}},"loc":{"start":{"line":96,"column":28},"end":{"line":101,"column":13}},"line":96},"6":{"name":"(anonymous_6)","decl":{"start":{"line":102,"column":19},"end":{"line":102,"column":20}},"loc":{"start":{"line":102,"column":28},"end":{"line":102,"column":48}},"line":102},"7":{"name":"(anonymous_7)","decl":{"start":{"line":120,"column":63},"end":{"line":120,"column":64}},"loc":{"start":{"line":120,"column":68},"end":{"line":120,"column":92}},"line":120},"8":{"name":"(anonymous_8)","decl":{"start":{"line":123,"column":70},"end":{"line":123,"column":71}},"loc":{"start":{"line":123,"column":75},"end":{"line":123,"column":102}},"line":123}},"branchMap":{"0":{"loc":{"start":{"line":98,"column":16},"end":{"line":100,"column":17}},"type":"if","locations":[{"start":{"line":98,"column":16},"end":{"line":100,"column":17}},{"start":{"line":98,"column":16},"end":{"line":100,"column":17}}],"line":98}},"s":{"0":3,"1":3,"2":3,"3":3,"4":0,"5":0,"6":0,"7":0,"8":3,"9":0,"10":0,"11":0,"12":0,"13":0,"14":3,"15":0,"16":0},"f":{"0":3,"1":0,"2":0,"3":0,"4":0,"5":0,"6":0,"7":0,"8":0},"b":{"0":[0,0]},"_coverageSchema":"1a1c01bbd47fc00a2c39e90264f33305004495a9","hash":"9be2833f2cd5890c0879a4c79c1de4dc9f04c5c7"}
,"/Users/mac/Desktop/ReopenCU1/amzon-clone1/src/PCHome.js": {"path":"/Users/mac/Desktop/ReopenCU1/amzon-clone1/src/PCHome.js","statementMap":{"0":{"start":{"line":6,"column":4},"end":{"line":39,"column":10}}},"fnMap":{"0":{"name":"PCHome","decl":{"start":{"line":5,"column":9},"end":{"line":5,"column":15}},"loc":{"start":{"line":5,"column":18},"end":{"line":40,"column":5}},"line":5}},"branchMap":{},"s":{"0":1},"f":{"0":1},"b":{},"_coverageSchema":"1a1c01bbd47fc00a2c39e90264f33305004495a9","hash":"9c1e38a7a613ab3d9b5044da380047f4c576c86f"}
,"/Users/mac/Desktop/ReopenCU1/amzon-clone1/src/Product.js": {"path":"/Users/mac/Desktop/ReopenCU1/amzon-clone1/src/Product.js","statementMap":{"0":{"start":{"line":5,"column":4},"end":{"line":16,"column":6}}},"fnMap":{"0":{"name":"Product","decl":{"start":{"line":4,"column":9},"end":{"line":4,"column":16}},"loc":{"start":{"line":4,"column":33},"end":{"line":17,"column":1}},"line":4}},"branchMap":{},"s":{"0":8},"f":{"0":8},"b":{},"_coverageSchema":"1a1c01bbd47fc00a2c39e90264f33305004495a9","hash":"1188d4afcee92cc81c5f076962ca8e1b99191553"}
,"/Users/mac/Desktop/ReopenCU1/amzon-clone1/src/Square.js": {"path":"/Users/mac/Desktop/ReopenCU1/amzon-clone1/src/Square.js","statementMap":{"0":{"start":{"line":4,"column":22},"end":{"line":4,"column":43}},"1":{"start":{"line":5,"column":4},"end":{"line":12,"column":6}},"2":{"start":{"line":8,"column":27},"end":{"line":8,"column":42}}},"fnMap":{"0":{"name":"Square","decl":{"start":{"line":3,"column":9},"end":{"line":3,"column":15}},"loc":{"start":{"line":3,"column":23},"end":{"line":13,"column":1}},"line":3},"1":{"name":"(anonymous_1)","decl":{"start":{"line":8,"column":21},"end":{"line":8,"column":22}},"loc":{"start":{"line":8,"column":27},"end":{"line":8,"column":42}},"line":8}},"branchMap":{},"s":{"0":2,"1":2,"2":1},"f":{"0":2,"1":1},"b":{},"_coverageSchema":"1a1c01bbd47fc00a2c39e90264f33305004495a9","hash":"262855b0aca345e477b3659c0e115541f13399df"}
,"/Users/mac/Desktop/ReopenCU1/amzon-clone1/src/StateProvider.js": {"path":"/Users/mac/Desktop/ReopenCU1/amzon-clone1/src/StateProvider.js","statementMap":{"0":{"start":{"line":6,"column":28},"end":{"line":6,"column":43}},"1":{"start":{"line":9,"column":29},"end":{"line":13,"column":1}},"2":{"start":{"line":10,"column":4},"end":{"line":12,"column":28}},"3":{"start":{"line":15,"column":29},"end":{"line":15,"column":59}},"4":{"start":{"line":15,"column":35},"end":{"line":15,"column":59}}},"fnMap":{"0":{"name":"(anonymous_0)","decl":{"start":{"line":9,"column":29},"end":{"line":9,"column":30}},"loc":{"start":{"line":10,"column":4},"end":{"line":12,"column":28}},"line":10},"1":{"name":"(anonymous_1)","decl":{"start":{"line":15,"column":29},"end":{"line":15,"column":30}},"loc":{"start":{"line":15,"column":35},"end":{"line":15,"column":59}},"line":15}},"branchMap":{},"s":{"0":3,"1":3,"2":0,"3":3,"4":8},"f":{"0":0,"1":8},"b":{},"_coverageSchema":"1a1c01bbd47fc00a2c39e90264f33305004495a9","hash":"63e725b7ea1592a9639f349f9f46fa02145e73ad"}
,"/Users/mac/Desktop/ReopenCU1/amzon-clone1/src/firebase.js": {"path":"/Users/mac/Desktop/ReopenCU1/amzon-clone1/src/firebase.js","statementMap":{"0":{"start":{"line":3,"column":20},"end":{"line":12,"column":2}},"1":{"start":{"line":14,"column":11},"end":{"line":14,"column":34}},"2":{"start":{"line":15,"column":13},"end":{"line":15,"column":28}}},"fnMap":{},"branchMap":{},"s":{"0":5,"1":5,"2":5},"f":{},"b":{},"_coverageSchema":"1a1c01bbd47fc00a2c39e90264f33305004495a9","hash":"5257cf8ec57c8fdcca404ac990ce76fc30664eff"}
,"/Users/mac/Desktop/ReopenCU1/amzon-clone1/src/index.js": {"path":"/Users/mac/Desktop/ReopenCU1/amzon-clone1/src/index.js","statementMap":{"0":{"start":{"line":9,"column":0},"end":{"line":17,"column":2}},"1":{"start":{"line":22,"column":0},"end":{"line":22,"column":27}}},"fnMap":{},"branchMap":{},"s":{"0":0,"1":0},"f":{},"b":{}}
,"/Users/mac/Desktop/ReopenCU1/amzon-clone1/src/reducer.js": {"path":"/Users/mac/Desktop/ReopenCU1/amzon-clone1/src/reducer.js","statementMap":{"0":{"start":{"line":1,"column":28},"end":{"line":4,"column":1}},"1":{"start":{"line":6,"column":16},"end":{"line":24,"column":1}},"2":{"start":{"line":7,"column":4},"end":{"line":7,"column":24}},"3":{"start":{"line":8,"column":4},"end":{"line":23,"column":5}},"4":{"start":{"line":12,"column":12},"end":{"line":15,"column":13}},"5":{"start":{"line":17,"column":12},"end":{"line":20,"column":13}},"6":{"start":{"line":22,"column":12},"end":{"line":22,"column":25}}},"fnMap":{"0":{"name":"(anonymous_0)","decl":{"start":{"line":6,"column":16},"end":{"line":6,"column":17}},"loc":{"start":{"line":6,"column":35},"end":{"line":24,"column":1}},"line":6}},"branchMap":{"0":{"loc":{"start":{"line":8,"column":4},"end":{"line":23,"column":5}},"type":"switch","locations":[{"start":{"line":10,"column":8},"end":{"line":15,"column":13}},{"start":{"line":16,"column":8},"end":{"line":20,"column":13}},{"start":{"line":21,"column":8},"end":{"line":22,"column":25}}],"line":8}},"s":{"0":0,"1":0,"2":0,"3":0,"4":0,"5":0,"6":0},"f":{"0":0},"b":{"0":[0,0,0]}}
,"/Users/mac/Desktop/ReopenCU1/amzon-clone1/src/reportWebVitals.js": {"path":"/Users/mac/Desktop/ReopenCU1/amzon-clone1/src/reportWebVitals.js","statementMap":{"0":{"start":{"line":1,"column":24},"end":{"line":11,"column":1}},"1":{"start":{"line":2,"column":2},"end":{"line":10,"column":3}},"2":{"start":{"line":3,"column":4},"end":{"line":9,"column":7}},"3":{"start":{"line":4,"column":6},"end":{"line":4,"column":26}},"4":{"start":{"line":5,"column":6},"end":{"line":5,"column":26}},"5":{"start":{"line":6,"column":6},"end":{"line":6,"column":26}},"6":{"start":{"line":7,"column":6},"end":{"line":7,"column":26}},"7":{"start":{"line":8,"column":6},"end":{"line":8,"column":27}}},"fnMap":{"0":{"name":"(anonymous_0)","decl":{"start":{"line":1,"column":24},"end":{"line":1,"column":25}},"loc":{"start":{"line":1,"column":39},"end":{"line":11,"column":1}},"line":1},"1":{"name":"(anonymous_1)","decl":{"start":{"line":3,"column":30},"end":{"line":3,"column":31}},"loc":{"start":{"line":3,"column":79},"end":{"line":9,"column":5}},"line":3}},"branchMap":{"0":{"loc":{"start":{"line":2,"column":2},"end":{"line":10,"column":3}},"type":"if","locations":[{"start":{"line":2,"column":2},"end":{"line":10,"column":3}},{"start":{"line":2,"column":2},"end":{"line":10,"column":3}}],"line":2},"1":{"loc":{"start":{"line":2,"column":6},"end":{"line":2,"column":52}},"type":"binary-expr","locations":[{"start":{"line":2,"column":6},"end":{"line":2,"column":17}},{"start":{"line":2,"column":21},"end":{"line":2,"column":52}}],"line":2}},"s":{"0":0,"1":0,"2":0,"3":0,"4":0,"5":0,"6":0,"7":0},"f":{"0":0,"1":0},"b":{"0":[0,0],"1":[0,0]}}
,"/Users/mac/Desktop/ReopenCU1/amzon-clone1/src/serviceWorker.js": {"path":"/Users/mac/Desktop/ReopenCU1/amzon-clone1/src/serviceWorker.js","statementMap":{"0":{"start":{"line":13,"column":20},"end":{"line":21,"column":3}},"1":{"start":{"line":24,"column":4},"end":{"line":54,"column":5}},"2":{"start":{"line":26,"column":24},"end":{"line":26,"column":77}},"3":{"start":{"line":27,"column":6},"end":{"line":32,"column":7}},"4":{"start":{"line":31,"column":8},"end":{"line":31,"column":15}},"5":{"start":{"line":34,"column":6},"end":{"line":53,"column":9}},"6":{"start":{"line":35,"column":22},"end":{"line":35,"column":67}},"7":{"start":{"line":37,"column":8},"end":{"line":52,"column":9}},"8":{"start":{"line":39,"column":10},"end":{"line":39,"column":49}},"9":{"start":{"line":43,"column":10},"end":{"line":48,"column":13}},"10":{"start":{"line":44,"column":12},"end":{"line":47,"column":14}},"11":{"start":{"line":51,"column":10},"end":{"line":51,"column":41}},"12":{"start":{"line":58,"column":4},"end":{"line":98,"column":9}},"13":{"start":{"line":61,"column":8},"end":{"line":94,"column":10}},"14":{"start":{"line":62,"column":35},"end":{"line":62,"column":58}},"15":{"start":{"line":63,"column":10},"end":{"line":65,"column":11}},"16":{"start":{"line":64,"column":12},"end":{"line":64,"column":19}},"17":{"start":{"line":66,"column":10},"end":{"line":93,"column":12}},"18":{"start":{"line":67,"column":12},"end":{"line":92,"column":13}},"19":{"start":{"line":68,"column":14},"end":{"line":91,"column":15}},"20":{"start":{"line":72,"column":16},"end":{"line":75,"column":18}},"21":{"start":{"line":78,"column":16},"end":{"line":80,"column":17}},"22":{"start":{"line":79,"column":18},"end":{"line":79,"column":48}},"23":{"start":{"line":85,"column":16},"end":{"line":85,"column":66}},"24":{"start":{"line":88,"column":16},"end":{"line":90,"column":17}},"25":{"start":{"line":89,"column":18},"end":{"line":89,"column":49}},"26":{"start":{"line":97,"column":8},"end":{"line":97,"column":74}},"27":{"start":{"line":103,"column":4},"end":{"line":128,"column":9}},"28":{"start":{"line":108,"column":28},"end":{"line":108,"column":64}},"29":{"start":{"line":109,"column":8},"end":{"line":122,"column":9}},"30":{"start":{"line":114,"column":10},"end":{"line":118,"column":13}},"31":{"start":{"line":115,"column":12},"end":{"line":117,"column":15}},"32":{"start":{"line":116,"column":14},"end":{"line":116,"column":39}},"33":{"start":{"line":121,"column":10},"end":{"line":121,"column":41}},"34":{"start":{"line":125,"column":8},"end":{"line":127,"column":10}},"35":{"start":{"line":132,"column":4},"end":{"line":140,"column":5}},"36":{"start":{"line":133,"column":6},"end":{"line":139,"column":11}},"37":{"start":{"line":135,"column":10},"end":{"line":135,"column":36}},"38":{"start":{"line":138,"column":10},"end":{"line":138,"column":39}}},"fnMap":{"0":{"name":"register","decl":{"start":{"line":23,"column":18},"end":{"line":23,"column":26}},"loc":{"start":{"line":23,"column":35},"end":{"line":55,"column":3}},"line":23},"1":{"name":"(anonymous_1)","decl":{"start":{"line":34,"column":38},"end":{"line":34,"column":39}},"loc":{"start":{"line":34,"column":44},"end":{"line":53,"column":7}},"line":34},"2":{"name":"(anonymous_2)","decl":{"start":{"line":43,"column":45},"end":{"line":43,"column":46}},"loc":{"start":{"line":43,"column":51},"end":{"line":48,"column":11}},"line":43},"3":{"name":"registerValidSW","decl":{"start":{"line":57,"column":11},"end":{"line":57,"column":26}},"loc":{"start":{"line":57,"column":42},"end":{"line":99,"column":3}},"line":57},"4":{"name":"(anonymous_4)","decl":{"start":{"line":60,"column":12},"end":{"line":60,"column":13}},"loc":{"start":{"line":60,"column":28},"end":{"line":95,"column":7}},"line":60},"5":{"name":"(anonymous_5)","decl":{"start":{"line":61,"column":37},"end":{"line":61,"column":38}},"loc":{"start":{"line":61,"column":43},"end":{"line":94,"column":9}},"line":61},"6":{"name":"(anonymous_6)","decl":{"start":{"line":66,"column":43},"end":{"line":66,"column":44}},"loc":{"start":{"line":66,"column":49},"end":{"line":93,"column":11}},"line":66},"7":{"name":"(anonymous_7)","decl":{"start":{"line":96,"column":13},"end":{"line":96,"column":14}},"loc":{"start":{"line":96,"column":22},"end":{"line":98,"column":7}},"line":96},"8":{"name":"checkValidServiceWorker","decl":{"start":{"line":101,"column":11},"end":{"line":101,"column":34}},"loc":{"start":{"line":101,"column":50},"end":{"line":129,"column":3}},"line":101},"9":{"name":"(anonymous_9)","decl":{"start":{"line":106,"column":12},"end":{"line":106,"column":13}},"loc":{"start":{"line":106,"column":24},"end":{"line":123,"column":7}},"line":106},"10":{"name":"(anonymous_10)","decl":{"start":{"line":114,"column":45},"end":{"line":114,"column":46}},"loc":{"start":{"line":114,"column":61},"end":{"line":118,"column":11}},"line":114},"11":{"name":"(anonymous_11)","decl":{"start":{"line":115,"column":43},"end":{"line":115,"column":44}},"loc":{"start":{"line":115,"column":49},"end":{"line":117,"column":13}},"line":115},"12":{"name":"(anonymous_12)","decl":{"start":{"line":124,"column":13},"end":{"line":124,"column":14}},"loc":{"start":{"line":124,"column":19},"end":{"line":128,"column":7}},"line":124},"13":{"name":"unregister","decl":{"start":{"line":131,"column":18},"end":{"line":131,"column":28}},"loc":{"start":{"line":131,"column":31},"end":{"line":141,"column":3}},"line":131},"14":{"name":"(anonymous_14)","decl":{"start":{"line":134,"column":14},"end":{"line":134,"column":15}},"loc":{"start":{"line":134,"column":30},"end":{"line":136,"column":9}},"line":134},"15":{"name":"(anonymous_15)","decl":{"start":{"line":137,"column":15},"end":{"line":137,"column":16}},"loc":{"start":{"line":137,"column":24},"end":{"line":139,"column":9}},"line":137}},"branchMap":{"0":{"loc":{"start":{"line":14,"column":4},"end":{"line":20,"column":7}},"type":"binary-expr","locations":[{"start":{"line":14,"column":4},"end":{"line":14,"column":44}},{"start":{"line":16,"column":6},"end":{"line":16,"column":42}},{"start":{"line":18,"column":6},"end":{"line":20,"column":7}}],"line":14},"1":{"loc":{"start":{"line":24,"column":4},"end":{"line":54,"column":5}},"type":"if","locations":[{"start":{"line":24,"column":4},"end":{"line":54,"column":5}},{"start":{"line":24,"column":4},"end":{"line":54,"column":5}}],"line":24},"2":{"loc":{"start":{"line":24,"column":8},"end":{"line":24,"column":77}},"type":"binary-expr","locations":[{"start":{"line":24,"column":8},"end":{"line":24,"column":45}},{"start":{"line":24,"column":49},"end":{"line":24,"column":77}}],"line":24},"3":{"loc":{"start":{"line":27,"column":6},"end":{"line":32,"column":7}},"type":"if","locations":[{"start":{"line":27,"column":6},"end":{"line":32,"column":7}},{"start":{"line":27,"column":6},"end":{"line":32,"column":7}}],"line":27},"4":{"loc":{"start":{"line":37,"column":8},"end":{"line":52,"column":9}},"type":"if","locations":[{"start":{"line":37,"column":8},"end":{"line":52,"column":9}},{"start":{"line":37,"column":8},"end":{"line":52,"column":9}}],"line":37},"5":{"loc":{"start":{"line":63,"column":10},"end":{"line":65,"column":11}},"type":"if","locations":[{"start":{"line":63,"column":10},"end":{"line":65,"column":11}},{"start":{"line":63,"column":10},"end":{"line":65,"column":11}}],"line":63},"6":{"loc":{"start":{"line":67,"column":12},"end":{"line":92,"column":13}},"type":"if","locations":[{"start":{"line":67,"column":12},"end":{"line":92,"column":13}},{"start":{"line":67,"column":12},"end":{"line":92,"column":13}}],"line":67},"7":{"loc":{"start":{"line":68,"column":14},"end":{"line":91,"column":15}},"type":"if","locations":[{"start":{"line":68,"column":14},"end":{"line":91,"column":15}},{"start":{"line":68,"column":14},"end":{"line":91,"column":15}}],"line":68},"8":{"loc":{"start":{"line":78,"column":16},"end":{"line":80,"column":17}},"type":"if","locations":[{"start":{"line":78,"column":16},"end":{"line":80,"column":17}},{"start":{"line":78,"column":16},"end":{"line":80,"column":17}}],"line":78},"9":{"loc":{"start":{"line":78,"column":20},"end":{"line":78,"column":45}},"type":"binary-expr","locations":[{"start":{"line":78,"column":20},"end":{"line":78,"column":26}},{"start":{"line":78,"column":30},"end":{"line":78,"column":45}}],"line":78},"10":{"loc":{"start":{"line":88,"column":16},"end":{"line":90,"column":17}},"type":"if","locations":[{"start":{"line":88,"column":16},"end":{"line":90,"column":17}},{"start":{"line":88,"column":16},"end":{"line":90,"column":17}}],"line":88},"11":{"loc":{"start":{"line":88,"column":20},"end":{"line":88,"column":46}},"type":"binary-expr","locations":[{"start":{"line":88,"column":20},"end":{"line":88,"column":26}},{"start":{"line":88,"column":30},"end":{"line":88,"column":46}}],"line":88},"12":{"loc":{"start":{"line":109,"column":8},"end":{"line":122,"column":9}},"type":"if","locations":[{"start":{"line":109,"column":8},"end":{"line":122,"column":9}},{"start":{"line":109,"column":8},"end":{"line":122,"column":9}}],"line":109},"13":{"loc":{"start":{"line":110,"column":10},"end":{"line":111,"column":75}},"type":"binary-expr","locations":[{"start":{"line":110,"column":10},"end":{"line":110,"column":33}},{"start":{"line":111,"column":11},"end":{"line":111,"column":30}},{"start":{"line":111,"column":34},"end":{"line":111,"column":74}}],"line":110},"14":{"loc":{"start":{"line":132,"column":4},"end":{"line":140,"column":5}},"type":"if","locations":[{"start":{"line":132,"column":4},"end":{"line":140,"column":5}},{"start":{"line":132,"column":4},"end":{"line":140,"column":5}}],"line":132}},"s":{"0":0,"1":0,"2":0,"3":0,"4":0,"5":0,"6":0,"7":0,"8":0,"9":0,"10":0,"11":0,"12":0,"13":0,"14":0,"15":0,"16":0,"17":0,"18":0,"19":0,"20":0,"21":0,"22":0,"23":0,"24":0,"25":0,"26":0,"27":0,"28":0,"29":0,"30":0,"31":0,"32":0,"33":0,"34":0,"35":0,"36":0,"37":0,"38":0},"f":{"0":0,"1":0,"2":0,"3":0,"4":0,"5":0,"6":0,"7":0,"8":0,"9":0,"10":0,"11":0,"12":0,"13":0,"14":0,"15":0},"b":{"0":[0,0,0],"1":[0,0],"2":[0,0],"3":[0,0],"4":[0,0],"5":[0,0],"6":[0,0],"7":[0,0],"8":[0,0],"9":[0,0],"10":[0,0],"11":[0,0],"12":[0,0],"13":[0,0,0],"14":[0,0]}}
}
